# JRE version: Java(TM) SE Runtime Environment (8.0_111-b14) (build 1.8.0_111-b14)
# Java VM: Java HotSpot(TM) 64-Bit Server VM (25.111-b14 mixed mode windows-amd64 compressed oops)
Heap:
 PSYoungGen      total 147968K, used 114945K [0x00000000f5580000, 0x0000000100000000, 0x0000000100000000)
  eden space 129024K, 74% used [0x00000000f5580000,0x00000000fb347d10,0x00000000fd380000)
  from space 18944K, 99% used [0x00000000fd380000,0x00000000fe5f87b0,0x00000000fe600000)
  to   space 26624K, 0% used [0x00000000fe600000,0x00000000fe600000,0x0000000100000000)
 ParOldGen       total 86016K, used 39936K [0x00000000e0000000, 0x00000000e5400000, 0x00000000f5580000)
  object space 86016K, 46% used [0x00000000e0000000,0x00000000e2700378,0x00000000e5400000)
 Metaspace       used 6963K, capacity 7576K, committed 7680K, reserved 1056768K
  class space    used 662K, capacity 720K, committed 768K, reserved 1048576K
GC Heap History (10 events):
Event: 7.287 GC heap before
{Heap before GC invocations=3 (full 0):
 PSYoungGen      total 37888K, used 37873K [0x00000000f5580000, 0x00000000f9f80000, 0x0000000100000000)
  eden space 32768K, 100% used [0x00000000f5580000,0x00000000f7580000,0x00000000f7580000)
  from space 5120K, 99% used [0x00000000f7a80000,0x00000000f7f7c550,0x00000000f7f80000)
  to   space 5120K, 0% used [0x00000000f7580000,0x00000000f7580000,0x00000000f7a80000)
 ParOldGen       total 86016K, used 3854K [0x00000000e0000000, 0x00000000e5400000, 0x00000000f5580000)
  object space 86016K, 4% used [0x00000000e0000000,0x00000000e03c3af8,0x00000000e5400000)
 Metaspace       used 6356K, capacity 7128K, committed 7424K, reserved 1056768K
  class space    used 625K, capacity 656K, committed 768K, reserved 1048576K
Event: 7.338 GC heap after
Heap after GC invocations=3 (full 0):
 PSYoungGen      total 37888K, used 5098K [0x00000000f5580000, 0x00000000f9f80000, 0x0000000100000000)
  eden space 32768K, 0% used [0x00000000f5580000,0x00000000f5580000,0x00000000f7580000)
  from space 5120K, 99% used [0x00000000f7580000,0x00000000f7a7ab30,0x00000000f7a80000)
  to   space 5120K, 0% used [0x00000000f9a80000,0x00000000f9a80000,0x00000000f9f80000)
 ParOldGen       total 86016K, used 9569K [0x00000000e0000000, 0x00000000e5400000, 0x00000000f5580000)
  object space 86016K, 11% used [0x00000000e0000000,0x00000000e09584b8,0x00000000e5400000)
 Metaspace       used 6356K, capacity 7128K, committed 7424K, reserved 1056768K
  class space    used 625K, capacity 656K, committed 768K, reserved 1048576K
}
Event: 7.742 GC heap before
{Heap before GC invocations=4 (full 0):
 PSYoungGen      total 37888K, used 37866K [0x00000000f5580000, 0x00000000f9f80000, 0x0000000100000000)
  eden space 32768K, 100% used [0x00000000f5580000,0x00000000f7580000,0x00000000f7580000)
  from space 5120K, 99% used [0x00000000f7580000,0x00000000f7a7ab30,0x00000000f7a80000)
  to   space 5120K, 0% used [0x00000000f9a80000,0x00000000f9a80000,0x00000000f9f80000)
 ParOldGen       total 86016K, used 9569K [0x00000000e0000000, 0x00000000e5400000, 0x00000000f5580000)
  object space 86016K, 11% used [0x00000000e0000000,0x00000000e09584b8,0x00000000e5400000)
 Metaspace       used 6396K, capacity 7192K, committed 7424K, reserved 1056768K
  class space    used 625K, capacity 656K, committed 768K, reserved 1048576K
Event: 7.793 GC heap after
Heap after GC invocations=4 (full 0):
 PSYoungGen      total 70656K, used 5098K [0x00000000f5580000, 0x00000000f9f80000, 0x0000000100000000)
  eden space 65536K, 0% used [0x00000000f5580000,0x00000000f5580000,0x00000000f9580000)
  from space 5120K, 99% used [0x00000000f9a80000,0x00000000f9f7ab30,0x00000000f9f80000)
  to   space 5120K, 0% used [0x00000000f9580000,0x00000000f9580000,0x00000000f9a80000)
 ParOldGen       total 86016K, used 14938K [0x00000000e0000000, 0x00000000e5400000, 0x00000000f5580000)
  object space 86016K, 17% used [0x00000000e0000000,0x00000000e0e96ad0,0x00000000e5400000)
 Metaspace       used 6396K, capacity 7192K, committed 7424K, reserved 1056768K
  class space    used 625K, capacity 656K, committed 768K, reserved 1048576K
}
Event: 8.879 GC heap before
{Heap before GC invocations=5 (full 0):
 PSYoungGen      total 70656K, used 70634K [0x00000000f5580000, 0x00000000f9f80000, 0x0000000100000000)
  eden space 65536K, 100% used [0x00000000f5580000,0x00000000f9580000,0x00000000f9580000)
  from space 5120K, 99% used [0x00000000f9a80000,0x00000000f9f7ab30,0x00000000f9f80000)
  to   space 5120K, 0% used [0x00000000f9580000,0x00000000f9580000,0x00000000f9a80000)
 ParOldGen       total 86016K, used 14938K [0x00000000e0000000, 0x00000000e5400000, 0x00000000f5580000)
  object space 86016K, 17% used [0x00000000e0000000,0x00000000e0e96ad0,0x00000000e5400000)
 Metaspace       used 6482K, capacity 7192K, committed 7424K, reserved 1056768K
  class space    used 625K, capacity 656K, committed 768K, reserved 1048576K
Event: 8.944 GC heap after
Heap after GC invocations=5 (full 0):
 PSYoungGen      total 70656K, used 5098K [0x00000000f5580000, 0x00000000ff680000, 0x0000000100000000)
  eden space 65536K, 0% used [0x00000000f5580000,0x00000000f5580000,0x00000000f9580000)
  from space 5120K, 99% used [0x00000000f9580000,0x00000000f9a7ab30,0x00000000f9a80000)
  to   space 16896K, 0% used [0x00000000fe600000,0x00000000fe600000,0x00000000ff680000)
 ParOldGen       total 86016K, used 25069K [0x00000000e0000000, 0x00000000e5400000, 0x00000000f5580000)
  object space 86016K, 29% used [0x00000000e0000000,0x00000000e187b5c8,0x00000000e5400000)
 Metaspace       used 6482K, capacity 7192K, committed 7424K, reserved 1056768K
  class space    used 625K, capacity 656K, committed 768K, reserved 1048576K
}
Event: 9.774 GC heap before
{Heap before GC invocations=6 (full 0):
 PSYoungGen      total 70656K, used 70634K [0x00000000f5580000, 0x00000000ff680000, 0x0000000100000000)
  eden space 65536K, 100% used [0x00000000f5580000,0x00000000f9580000,0x00000000f9580000)
  from space 5120K, 99% used [0x00000000f9580000,0x00000000f9a7ab30,0x00000000f9a80000)
  to   space 16896K, 0% used [0x00000000fe600000,0x00000000fe600000,0x00000000ff680000)
 ParOldGen       total 86016K, used 25069K [0x00000000e0000000, 0x00000000e5400000, 0x00000000f5580000)
  object space 86016K, 29% used [0x00000000e0000000,0x00000000e187b5c8,0x00000000e5400000)
 Metaspace       used 6522K, capacity 7256K, committed 7424K, reserved 1056768K
  class space    used 625K, capacity 656K, committed 768K, reserved 1048576K
Event: 9.855 GC heap after
Heap after GC invocations=6 (full 0):
 PSYoungGen      total 145920K, used 15726K [0x00000000f5580000, 0x00000000ffa80000, 0x0000000100000000)
  eden space 129024K, 0% used [0x00000000f5580000,0x00000000f5580000,0x00000000fd380000)
  from space 16896K, 93% used [0x00000000fe600000,0x00000000ff55bb58,0x00000000ff680000)
  to   space 18944K, 0% used [0x00000000fd380000,0x00000000fd380000,0x00000000fe600000)
 ParOldGen       total 86016K, used 25069K [0x00000000e0000000, 0x00000000e5400000, 0x00000000f5580000)
  object space 86016K, 29% used [0x00000000e0000000,0x00000000e187b5c8,0x00000000e5400000)
 Metaspace       used 6522K, capacity 7256K, committed 7424K, reserved 1056768K
  class space    used 625K, capacity 656K, committed 768K, reserved 1048576K
}
Event: 12.022 GC heap before
{Heap before GC invocations=7 (full 0):
 PSYoungGen      total 145920K, used 144750K [0x00000000f5580000, 0x00000000ffa80000, 0x0000000100000000)
  eden space 129024K, 100% used [0x00000000f5580000,0x00000000fd380000,0x00000000fd380000)
  from space 16896K, 93% used [0x00000000fe600000,0x00000000ff55bb58,0x00000000ff680000)
  to   space 18944K, 0% used [0x00000000fd380000,0x00000000fd380000,0x00000000fe600000)
 ParOldGen       total 86016K, used 25069K [0x00000000e0000000, 0x00000000e5400000, 0x00000000f5580000)
  object space 86016K, 29% used [0x00000000e0000000,0x00000000e187b5c8,0x00000000e5400000)
 Metaspace       used 6566K, capacity 7256K, committed 7424K, reserved 1056768K
  class space    used 625K, capacity 656K, committed 768K, reserved 1048576K
Event: 12.214 GC heap after
Heap after GC invocations=7 (full 0):
 PSYoungGen      total 147968K, used 18913K [0x00000000f5580000, 0x0000000100000000, 0x0000000100000000)
  eden space 129024K, 0% used [0x00000000f5580000,0x00000000f5580000,0x00000000fd380000)
  from space 18944K, 99% used [0x00000000fd380000,0x00000000fe5f87b0,0x00000000fe600000)
  to   space 26624K, 0% used [0x00000000fe600000,0x00000000fe600000,0x0000000100000000)
 ParOldGen       total 86016K, used 39936K [0x00000000e0000000, 0x00000000e5400000, 0x00000000f5580000)
  object space 86016K, 46% used [0x00000000e0000000,0x00000000e2700378,0x00000000e5400000)
 Metaspace       used 6566K, capacity 7256K, committed 7424K, reserved 1056768K
  class space    used 625K, capacity 656K, committed 768K, reserved 1048576K
}

